<?xml version="1.0" encoding="UTF-8"?>
<!-- Generated by org.testng.reporters.JUnitReportReporter -->
<testsuite hostname="LAPTOP-OCPQAF08" failures="0" tests="1" name="automation.Viewings" time="39.914" errors="0" timestamp="2021-01-07T17:25:15 IST" skipped="0">
  <testcase classname="automation.Viewings" name="viewingFromTable" time="39.914"/>
  <system-out/>
</testsuite> <!-- automation.Viewings -->
