<?xml version="1.0" encoding="UTF-8"?>
<!-- Generated by org.testng.reporters.JUnitReportReporter -->
<testsuite hostname="LAPTOP-OCPQAF08" failures="0" tests="1" name="automation.addProperty" time="96.052" errors="0" timestamp="2021-01-28T05:41:18 IST" skipped="0">
  <testcase classname="automation.addProperty" name="addPropertyPlus" time="96.052"/>
  <system-out/>
</testsuite> <!-- automation.addProperty -->
